f:\documentos\usfx\sis457\laboratorio\code\bomberman\debug\bomberman.juego.resources
f:\documentos\usfx\sis457\laboratorio\code\bomberman\debug\vc142.pdb
f:\documentos\usfx\sis457\laboratorio\code\bomberman\debug\.netframework,version=v4.6.1.assemblyattributes.obj
f:\documentos\usfx\sis457\laboratorio\code\bomberman\debug\jugador.obj
f:\documentos\usfx\sis457\laboratorio\code\bomberman\debug\juego.obj
f:\documentos\usfx\sis457\laboratorio\code\bomberman\debug\items.obj
f:\documentos\usfx\sis457\laboratorio\code\bomberman\debug\controladora.obj
f:\documentos\usfx\sis457\laboratorio\code\bomberman\debug\cancha.obj
f:\documentos\usfx\sis457\laboratorio\code\bomberman\debug\bomberman.exe
f:\documentos\usfx\sis457\laboratorio\code\bomberman\debug\bomberman.pdb
f:\documentos\usfx\sis457\laboratorio\code\bomberman\debug\bomberman.exe.metagen
f:\documentos\usfx\sis457\laboratorio\code\bomberman\debug\bomberman.tlog\bomberman.write.1u.tlog
f:\documentos\usfx\sis457\laboratorio\code\bomberman\debug\bomberman.tlog\cl.command.1.tlog
f:\documentos\usfx\sis457\laboratorio\code\bomberman\debug\bomberman.tlog\cl.read.1.tlog
f:\documentos\usfx\sis457\laboratorio\code\bomberman\debug\bomberman.tlog\cl.write.1.tlog
f:\documentos\usfx\sis457\laboratorio\code\bomberman\debug\bomberman.tlog\link.command.1.tlog
f:\documentos\usfx\sis457\laboratorio\code\bomberman\debug\bomberman.tlog\link.read.1.tlog
f:\documentos\usfx\sis457\laboratorio\code\bomberman\debug\bomberman.tlog\link.write.1.tlog
f:\documentos\usfx\sis457\laboratorio\code\bomberman\debug\bomberman.tlog\metagen.read.1.tlog
f:\documentos\usfx\sis457\laboratorio\code\bomberman\debug\bomberman.tlog\metagen.write.1.tlog
